{"/home/pulkit/Documents/Repos/DO/forked/sample_projects/sample-functions-nodejs-helloworld/packages/sample/hello/hello.js": {"path":"/home/pulkit/Documents/Repos/DO/forked/sample_projects/sample-functions-nodejs-helloworld/packages/sample/hello/hello.js","statementMap":{"0":{"start":{"line":2,"column":15},"end":{"line":2,"column":38}},"1":{"start":{"line":3,"column":19},"end":{"line":3,"column":40}},"2":{"start":{"line":4,"column":4},"end":{"line":4,"column":25}},"3":{"start":{"line":5,"column":4},"end":{"line":5,"column":29}},"4":{"start":{"line":8,"column":0},"end":{"line":8,"column":19}}},"fnMap":{"0":{"name":"main","decl":{"start":{"line":1,"column":9},"end":{"line":1,"column":13}},"loc":{"start":{"line":1,"column":20},"end":{"line":6,"column":3}},"line":1}},"branchMap":{"0":{"loc":{"start":{"line":2,"column":15},"end":{"line":2,"column":38}},"type":"binary-expr","locations":[{"start":{"line":2,"column":15},"end":{"line":2,"column":24}},{"start":{"line":2,"column":28},"end":{"line":2,"column":38}}],"line":2}},"s":{"0":1,"1":1,"2":1,"3":1,"4":1},"f":{"0":1},"b":{"0":[1,0]},"_coverageSchema":"1a1c01bbd47fc00a2c39e90264f33305004495a9","hash":"5f40cbdf10fde607c40744e2dbd4133a0ec09caf"}
}
